<?xml version="1.0" encoding="UTF-8"?>
<testng-results ignored="0" total="1" passed="1" failed="0" skipped="0">
  <reporter-output>
    <line>
      <![CDATA[Chrome browser is opened]]>
    </line>
    <line>
      <![CDATA[Community Name and mother tongue are same for Marathi]]>
    </line>
    <line>
      <![CDATA[Community Name and mother tongue are same for Gujarati]]>
    </line>
  </reporter-output>
  <suite started-at="2021-10-04T15:38:08 IST" name="Default suite" finished-at="2021-10-04T15:38:19 IST" duration-ms="10950">
    <groups>
    </groups>
    <test started-at="2021-10-04T15:38:08 IST" name="Default test" finished-at="2021-10-04T15:38:19 IST" duration-ms="10950">
      <class name="shadiHomePage.HomePage">
        <test-method is-config="true" signature="setup()[pri:0, instance:shadiHomePage.HomePage@fa49800]" started-at="2021-10-04T15:38:08 IST" name="setup" finished-at="2021-10-04T15:38:11 IST" duration-ms="3153" status="PASS">
          <reporter-output>
            <line>
              <![CDATA[Chrome browser is opened]]>
            </line>
          </reporter-output>
        </test-method> <!-- setup -->
        <test-method signature="dataRead_CSV()[pri:0, instance:shadiHomePage.HomePage@fa49800]" started-at="2021-10-04T15:38:11 IST" name="dataRead_CSV" finished-at="2021-10-04T15:38:18 IST" duration-ms="6512" status="PASS">
          <reporter-output>
            <line>
              <![CDATA[Community Name and mother tongue are same for Marathi]]>
            </line>
            <line>
              <![CDATA[Community Name and mother tongue are same for Gujarati]]>
            </line>
          </reporter-output>
        </test-method> <!-- dataRead_CSV -->
        <test-method is-config="true" signature="exit()[pri:0, instance:shadiHomePage.HomePage@fa49800]" started-at="2021-10-04T15:38:18 IST" name="exit" finished-at="2021-10-04T15:38:19 IST" duration-ms="1256" status="PASS">
          <reporter-output>
          </reporter-output>
        </test-method> <!-- exit -->
      </class> <!-- shadiHomePage.HomePage -->
    </test> <!-- Default test -->
  </suite> <!-- Default suite -->
</testng-results>
